#
# There is insufficient memory for the Java Runtime Environment to continue.
# Native memory allocation (mmap) failed to map 134217728 bytes for Failed to commit area from 0x0000000081c00000 to 0x0000000089c00000 of length 134217728.
# Possible reasons:
#   The system is out of physical RAM or swap space
#   The process is running with CompressedOops enabled, and the Java Heap may be blocking the growth of the native heap
# Possible solutions:
#   Reduce memory load on the system
#   Increase physical memory or swap space
#   Check if swap backing store is full
#   Decrease Java heap size (-Xmx/-Xms)
#   Decrease number of Java threads
#   Decrease Java thread stack sizes (-Xss)
#   Set larger code cache with -XX:ReservedCodeCacheSize=
# This output file may be truncated or incomplete.
#
#  Out of Memory Error (t:/workspace/hotspot/src/os/windows/vm/os_windows.cpp:3357), pid=3204, tid=8360
#
# JRE version:  (9.0+11) (build )
# Java VM: Java HotSpot(TM) 64-Bit Server VM (9.0.4+11, mixed mode, tiered, compressed oops, g1 gc, windows-amd64)
# No core dump will be written. Minidumps are not enabled by default on client versions of Windows
#

---------------  S U M M A R Y ------------

Command Line: -Dclassworlds.conf=D:\learn\maven\apache-maven-3.5.3\bin\..\bin\m2.conf -Dmaven.home=D:\learn\maven\apache-maven-3.5.3\bin\.. -Dlibrary.jansi.path=D:\learn\maven\apache-maven-3.5.3\bin\..\lib\jansi-native -Dmaven.multiModuleProjectDirectory=E:\xingongsuo12.28\NewHoney\honey-back\Honeypot org.codehaus.plexus.classworlds.launcher.Launcher install -Dmaven.test.skip=true

Host: Intel(R) Core(TM) i7-6700HQ CPU @ 2.60GHz, 8 cores, 7G,  Windows 10 , 64 bit Build 17134 (10.0.17134.1)
Time: Sat Dec 29 11:22:07 2018 ?D1¨²¡À¨º¡Á?¨º¡À?? elapsed time: 0 seconds (0d 0h 0m 0s)

---------------  T H R E A D  ---------------

Current thread (0x000001ea48eef000):  JavaThread "Unknown thread" [_thread_in_vm, id=8360, stack(0x0000007481500000,0x0000007481600000)]

Stack: [0x0000007481500000,0x0000007481600000]
Native frames: (J=compiled Java code, j=interpreted, Vv=VM code, C=native code)
V  [jvm.dll+0x587068]
V  [jvm.dll+0x69c25e]
V  [jvm.dll+0x69d17a]
V  [jvm.dll+0x69d7b3]
V  [jvm.dll+0x21d198]
V  [jvm.dll+0x584bb4]
V  [jvm.dll+0x57a095]
V  [jvm.dll+0x2cd67b]
V  [jvm.dll+0x2cd5e3]
V  [jvm.dll+0x2cd4b2]
V  [jvm.dll+0x2cf4b3]
V  [jvm.dll+0x3191e3]
V  [jvm.dll+0x3198f6]
V  [jvm.dll+0x3192e3]
V  [jvm.dll+0x2adeb8]
V  [jvm.dll+0x2af0e7]
V  [jvm.dll+0x67b34d]
V  [jvm.dll+0x67c70c]
V  [jvm.dll+0x3269c9]
V  [jvm.dll+0x66555e]
V  [jvm.dll+0x391811]
V  [jvm.dll+0x3937c1]
C  [java.exe+0x34f1]
C  [java.exe+0xe24f]
C  [java.exe+0xe3f6]
C  [KERNEL32.DLL+0x13034]
C  [ntdll.dll+0x73691]


---------------  P R O C E S S  ---------------

Java Threads: ( => current thread )

Other Threads:
  0x000001ea48f09800 GCTaskThread "GC Thread#0" [stack: 0x0000007481600000,0x0000007481700000] [id=11232]
  0x000001ea48f0b000 GCTaskThread "GC Thread#1" [stack: 0x0000007481700000,0x0000007481800000] [id=7828]
  0x000001ea48f0c800 GCTaskThread "GC Thread#2" [stack: 0x0000007481800000,0x0000007481900000] [id=4780]
  0x000001ea48f0f000 GCTaskThread "GC Thread#3" [stack: 0x0000007481900000,0x0000007481a00000] [id=17140]
  0x000001ea48f15000 GCTaskThread "GC Thread#4" [stack: 0x0000007481a00000,0x0000007481b00000] [id=13888]
  0x000001ea48f18000 GCTaskThread "GC Thread#5" [stack: 0x0000007481b00000,0x0000007481c00000] [id=15028]
  0x000001ea48f1e000 GCTaskThread "GC Thread#6" [stack: 0x0000007481c00000,0x0000007481d00000] [id=16712]
  0x000001ea48f1e800 GCTaskThread "GC Thread#7" [stack: 0x0000007481d00000,0x0000007481e00000] [id=1396]
  0x000001ea69a86000 ConcurrentGCThread "G1 Main Marker" [stack: 0x0000007482700000,0x0000007482800000] [id=9372]
  0x000001ea69a86800 ConcurrentGCThread "G1 Marker#0" [stack: 0x0000007482800000,0x0000007482900000] [id=3404]
  0x000001ea69a89800 ConcurrentGCThread "G1 Marker#1" [stack: 0x0000007482900000,0x0000007482a00000] [id=16928]
  0x000001ea48f41000 ConcurrentGCThread "G1 Refine#0" [stack: 0x0000007482500000,0x0000007482600000] [id=8644]
  0x000001ea48f3e000 ConcurrentGCThread "G1 Refine#1" [stack: 0x0000007482400000,0x0000007482500000] [id=6504]
  0x000001ea48f2d000 ConcurrentGCThread "G1 Refine#2" [stack: 0x0000007482300000,0x0000007482400000] [id=14788]
  0x000001ea48f2b000 ConcurrentGCThread "G1 Refine#3" [stack: 0x0000007482200000,0x0000007482300000] [id=2132]
  0x000001ea48f2a800 ConcurrentGCThread "G1 Refine#4" [stack: 0x0000007482100000,0x0000007482200000] [id=18084]
  0x000001ea48f27800 ConcurrentGCThread "G1 Refine#5" [stack: 0x0000007482000000,0x0000007482100000] [id=8496]
  0x000001ea48f26800 ConcurrentGCThread "G1 Refine#6" [stack: 0x0000007481f00000,0x0000007482000000] [id=4032]
  0x000001ea48f24800 ConcurrentGCThread "G1 Refine#7" [stack: 0x0000007481e00000,0x0000007481f00000] [id=1924]
  0x000001ea48f43000 ConcurrentGCThread "G1 Young RemSet Sampling" [stack: 0x0000007482600000,0x0000007482700000] [id=13716]

=>0x000001ea48eef000 (exited) JavaThread "Unknown thread" [_thread_in_vm, id=8360, stack(0x0000007481500000,0x0000007481600000)]

Threads with active compile tasks:

VM state:not at safepoint (not fully initialized)

VM Mutex/Monitor currently owned by a thread:  ([mutex/lock_event])
[0x000001ea48eee300] Heap_lock - owner thread: 0x000001ea48eef000

Heap address: 0x0000000081c00000, size: 2020 MB, Compressed Oops mode: Non-zero based: 0x0000000081c00000
Narrow klass base: 0x0000000000000000, Narrow klass shift: 0

GC Heap History (0 events):
No events

Deoptimization events (0 events):
No events

Classes redefined (0 events):
No events

Internal exceptions (0 events):
No events

Events (0 events):
No events


Dynamic libraries:
0x00007ff7bb500000 - 0x00007ff7bb53e000 	D:\Java\jdk-9.0.4\bin\java.exe
0x00007ffd91a70000 - 0x00007ffd91c51000 	C:\WINDOWS\SYSTEM32\ntdll.dll
0x00007ffd8f540000 - 0x00007ffd8f5f2000 	C:\WINDOWS\System32\KERNEL32.DLL
0x00007ffd8e0e0000 - 0x00007ffd8e353000 	C:\WINDOWS\System32\KERNELBASE.dll
0x00007ffd8ef00000 - 0x00007ffd8efa1000 	C:\WINDOWS\System32\ADVAPI32.dll
0x00007ffd901e0000 - 0x00007ffd9027e000 	C:\WINDOWS\System32\msvcrt.dll
0x00007ffd8f460000 - 0x00007ffd8f4bb000 	C:\WINDOWS\System32\sechost.dll
0x00007ffd8f6f0000 - 0x00007ffd8f814000 	C:\WINDOWS\System32\RPCRT4.dll
0x00007ffd8fb50000 - 0x00007ffd8fce0000 	C:\WINDOWS\System32\USER32.dll
0x00007ffd8ee60000 - 0x00007ffd8ee80000 	C:\WINDOWS\System32\win32u.dll
0x00007ffd8f430000 - 0x00007ffd8f458000 	C:\WINDOWS\System32\GDI32.dll
0x00007ffd8de90000 - 0x00007ffd8e022000 	C:\WINDOWS\System32\gdi32full.dll
0x00007ffd8edc0000 - 0x00007ffd8ee5f000 	C:\WINDOWS\System32\msvcp_win.dll
0x00007ffd8ea70000 - 0x00007ffd8eb6a000 	C:\WINDOWS\System32\ucrtbase.dll
0x00007ffd82c90000 - 0x00007ffd82ef9000 	C:\WINDOWS\WinSxS\amd64_microsoft.windows.common-controls_6595b64144ccf1df_6.0.17134.472_none_fb3f9af53068156d\COMCTL32.dll
0x00007ffd838b0000 - 0x00007ffd838ba000 	C:\WINDOWS\SYSTEM32\VERSION.dll
0x00007ffd8f820000 - 0x00007ffd8fb42000 	C:\WINDOWS\System32\combase.dll
0x00007ffd8ee80000 - 0x00007ffd8eefa000 	C:\WINDOWS\System32\bcryptPrimitives.dll
0x00007ffd8f400000 - 0x00007ffd8f42d000 	C:\WINDOWS\System32\IMM32.DLL
0x00007ffd668a0000 - 0x00007ffd6698f000 	D:\Java\jdk-9.0.4\bin\msvcr120.dll
0x00007ffd65670000 - 0x00007ffd65716000 	D:\Java\jdk-9.0.4\bin\msvcp120.dll
0x000000005be90000 - 0x000000005c8b5000 	D:\Java\jdk-9.0.4\bin\server\jvm.dll
0x00007ffd8ff30000 - 0x00007ffd8ff38000 	C:\WINDOWS\System32\PSAPI.DLL
0x00007ffd710f0000 - 0x00007ffd710f9000 	C:\WINDOWS\SYSTEM32\WSOCK32.dll
0x00007ffd89790000 - 0x00007ffd897b3000 	C:\WINDOWS\SYSTEM32\WINMM.dll
0x00007ffd8f4d0000 - 0x00007ffd8f53c000 	C:\WINDOWS\System32\WS2_32.dll
0x00007ffd89760000 - 0x00007ffd8978a000 	C:\WINDOWS\SYSTEM32\WINMMBASE.dll
0x00007ffd8de40000 - 0x00007ffd8de89000 	C:\WINDOWS\System32\cfgmgr32.dll
0x00007ffd825f0000 - 0x00007ffd825ff000 	D:\Java\jdk-9.0.4\bin\verify.dll
0x00007ffd82540000 - 0x00007ffd82567000 	D:\Java\jdk-9.0.4\bin\java.dll
0x00007ffd7b720000 - 0x00007ffd7b736000 	D:\Java\jdk-9.0.4\bin\zip.dll
0x00007ffd81d20000 - 0x00007ffd81d2a000 	D:\Java\jdk-9.0.4\bin\jimage.dll
0x00007ffd72df0000 - 0x00007ffd72fb9000 	C:\WINDOWS\SYSTEM32\dbghelp.dll

VM Arguments:
jvm_args: -Dclassworlds.conf=D:\learn\maven\apache-maven-3.5.3\bin\..\bin\m2.conf -Dmaven.home=D:\learn\maven\apache-maven-3.5.3\bin\.. -Dlibrary.jansi.path=D:\learn\maven\apache-maven-3.5.3\bin\..\lib\jansi-native -Dmaven.multiModuleProjectDirectory=E:\xingongsuo12.28\NewHoney\honey-back\Honeypot 
java_command: org.codehaus.plexus.classworlds.launcher.Launcher install -Dmaven.test.skip=true
java_class_path (initial): D:\learn\maven\apache-maven-3.5.3\bin\..\boot\plexus-classworlds-2.5.2.jar
Launcher Type: SUN_STANDARD

Logging:
Log output configuration:
#0: stdout all=warning uptime,level,tags
#1: stderr all=off uptime,level,tags

Environment Variables:
JAVA_HOME=D:\Java\jdk-9.0.4
PATH=C:\Program Files (x86)\Intel\iCLS Client\;C:\Program Files\Intel\iCLS Client\;C:\Windows\system32;C:\Windows;C:\Windows\System32\Wbem;C:\Windows\System32\WindowsPowerShell\v1.0\;C:\Program Files (x86)\NVIDIA Corporation\PhysX\Common;C:\Program Files (x86)\Intel\Intel(R) Management Engine Components\DAL;C:\Program Files\Intel\Intel(R) Management Engine Components\DAL;C:\Program Files (x86)\Intel\Intel(R) Management Engine Components\IPT;C:\Program Files\Intel\Intel(R) Management Engine Components\IPT;C:\Program Files\Intel\WiFi\bin\;C:\Program Files\Common Files\Intel\WirelessCommon\;C:\WINDOWS\system32;C:\WINDOWS;C:\WINDOWS\System32\Wbem;C:\WINDOWS\System32\WindowsPowerShell\v1.0\;D:\Program Files\opencv\build\x86\vc12\bin;D:\Java\jdk-9.0.4\bin;D:\Java\jdk-9.0.4\jre\bin;D:\Server\mysql\mysql-5.7.21-winx64\bin;D:\Python27;D:\python27\Scripts;C:\WINDOWS\System32\OpenSSH\;D:\learn\maven\apache-maven-3.5.3\bin;D:\learn\node\node-v10.13.0-win-x64\;D:\learn\node\node-v10.13.0-win-x64\node_global;D:\learn\node\node-v10.13.0-win-x64\node_global\node_modules\vue-cli\bin;D:\learn\erlang\erl10.0.1\bin;D:\learn\node\;C:\Users\hasee\AppData\Local\Microsoft\WindowsApps;C:\Users\hasee\AppData\Local\GitHubDesktop\bin;C:\Users\hasee\AppData\Roaming\npm
USERNAME=hasee
OS=Windows_NT
PROCESSOR_IDENTIFIER=Intel64 Family 6 Model 94 Stepping 3, GenuineIntel



---------------  S Y S T E M  ---------------

OS: Windows 10 , 64 bit Build 17134 (10.0.17134.1)

CPU:total 8 (initial active 8) (4 cores per cpu, 2 threads per core) family 6 model 94 stepping 3, cmov, cx8, fxsr, mmx, sse, sse2, sse3, ssse3, sse4.1, sse4.2, popcnt, avx, avx2, aes, clmul, erms, rtm, 3dnowpref, lzcnt, ht, tsc, tscinvbit, bmi1, bmi2, adx, fma

Memory: 4k page, physical 8269680k(584784k free), swap 14561136k(116716k free)

vm_info: Java HotSpot(TM) 64-Bit Server VM (9.0.4+11) for windows-amd64 JRE (9.0.4+11), built on Dec 20 2017 02:18:54 by "mach5one" with MS VC++ 12.0 (VS2013)

END.
